Arguments: 
  C:\Program Files\nodejs\node.exe C:\Users\jnnaj.DESKTOP-4SBU44L\AppData\Roaming\npm\node_modules\yarn\bin\yarn.js

PATH: 
  C:\Program Files\National Instruments\Shared\OpenVINO\;C:\Windows\system32;C:\Windows;C:\Windows\System32\Wbem;C:\Windows\System32\WindowsPowerShell\v1.0\;C:\Windows\System32\OpenSSH\;C:\Program Files (x86)\NVIDIA Corporation\PhysX\Common;C:\Program Files\nodejs\;C:\WINDOWS\system32;C:\WINDOWS;C:\WINDOWS\System32\Wbem;C:\WINDOWS\System32\WindowsPowerShell\v1.0\;C:\WINDOWS\System32\OpenSSH\;C:\Program Files\Docker\Docker\resources\bin;C:\Program Files\Git\cmd;C:\Users\jnnaj.DESKTOP-4SBU44L\AppData\Local\Programs\Python\Python311\Scripts\;C:\Users\jnnaj.DESKTOP-4SBU44L\AppData\Local\Programs\Python\Python311\;C:\Users\jnnaj.DESKTOP-4SBU44L\AppData\Local\Microsoft\WindowsApps;C:\Users\jnnaj.DESKTOP-4SBU44L\AppData\Roaming\npm;C:\Users\jnnaj.DESKTOP-4SBU44L\AppData\Local\GitHubDesktop\bin;C:\Users\jnnaj.DESKTOP-4SBU44L\AppData\Local\Programs\Microsoft VS Code\bin

Yarn version: 
  1.22.19

Node version: 
  18.12.1

Platform: 
  win32 x64

Trace: 
  Error: Failed to replace env in config: ${NPM_TOKEN}
      at C:\Users\jnnaj.DESKTOP-4SBU44L\AppData\Roaming\npm\node_modules\yarn\lib\cli.js:94933:13
      at String.replace (<anonymous>)
      at envReplace (C:\Users\jnnaj.DESKTOP-4SBU44L\AppData\Roaming\npm\node_modules\yarn\lib\cli.js:94928:16)
      at Function.normalizeConfig (C:\Users\jnnaj.DESKTOP-4SBU44L\AppData\Roaming\npm\node_modules\yarn\lib\cli.js:31938:69)
      at NpmRegistry.<anonymous> (C:\Users\jnnaj.DESKTOP-4SBU44L\AppData\Roaming\npm\node_modules\yarn\lib\cli.js:31968:34)
      at Generator.next (<anonymous>)
      at step (C:\Users\jnnaj.DESKTOP-4SBU44L\AppData\Roaming\npm\node_modules\yarn\lib\cli.js:310:30)
      at C:\Users\jnnaj.DESKTOP-4SBU44L\AppData\Roaming\npm\node_modules\yarn\lib\cli.js:321:13

npm manifest: 
  {
    "name": "lifterapp",
    "version": "5.0.1",
    "main": "node_modules/expo/AppEntry.js",
    "scripts": {
      "start": "expo start",
      "prod": "expo start --no-dev --minify",
      "android": "expo start --android",
      "ios": "expo start --ios",
      "web": "expo start --web"
    },
    "dependencies": {
      "@ant-design/icons-react-native": "^2.3.2",
      "@apollo/client": "^3.6.9",
      "@expo/webpack-config": "^18.0.1",
      "@lifters-international/lifters-utils": "^3.0.1",
      "@react-navigation/bottom-tabs": "^6.3.3",
      "@react-navigation/material-bottom-tabs": "^6.2.3",
      "@react-navigation/native": "^6.0.12",
      "@react-navigation/native-stack": "^6.8.0",
      "@reduxjs/toolkit": "^1.8.5",
      "@stripe/stripe-react-native": "0.23.3",
      "apollo-link-http": "^1.5.17",
      "expo": "^48.0.0",
      "expo-application": "~5.1.1",
      "expo-av": "~13.2.1",
      "expo-device": "~5.2.1",
      "expo-file-system": "~15.2.2",
      "expo-image-picker": "~14.1.1",
      "expo-intent-launcher": "~10.5.2",
      "expo-linear-gradient": "~12.1.2",
      "expo-media-library": "~15.2.3",
      "expo-notifications": "~0.18.1",
      "expo-permissions": "~14.1.1",
      "expo-secure-store": "~12.1.1",
      "expo-status-bar": "~1.4.4",
      "expo-updates": "~0.16.4",
      "expo-web-browser": "~12.1.1",
      "lottie-react-native": "5.1.4",
      "react": "18.2.0",
      "react-dom": "18.2.0",
      "react-native": "0.71.7",
      "react-native-chart-kit": "^6.12.0",
      "react-native-elements": "^3.4.3",
      "react-native-fetch-api": "^3.0.0",
      "react-native-gesture-handler": "~2.9.0",
      "react-native-input-scroll-view": "^1.11.0",
      "react-native-keyboard-aware-scroll-view": "^0.9.5",
      "react-native-paper": "^4.12.4",
      "react-native-polyfill-globals": "^3.1.0",
      "react-native-safe-area-context": "4.5.0",
      "react-native-screens": "~3.20.0",
      "react-native-svg": "13.4.0",
      "react-native-vector-icons": "^9.2.0",
      "react-native-web": "~0.18.10",
      "react-navigation": "^4.4.4",
      "react-navigation-material-bottom-tabs": "^2.3.5",
      "react-redux": "^8.0.2",
      "socket.io-client": "^4.5.2",
      "subscriptions-transport-ws": "^0.11.0",
      "text-encoding": "^0.7.0"
    },
    "devDependencies": {
      "@babel/core": "^7.20.0",
      "@types/react": "~18.0.27",
      "@types/react-native": "~0.69.1",
      "typescript": "^4.9.4"
    },
    "private": true
  }

yarn manifest: 
  No manifest

Lockfile: 
  No lockfile
